<?xml version="1.0" encoding="UTF-8"?>
<!-- Generated by org.testng.reporters.JUnitReportReporter -->
<testsuite hostname="IN-2TFWWT2" failures="0" tests="1" name="com.API_Automation.testcases.TC001_GET_Request" time="2.169" errors="0" timestamp="2022-08-22T15:06:38 IST" skipped="0">
  <testcase classname="com.API_Automation.testcases.TC001_GET_Request" name="getWeatherDetails" time="2.169"/>
  <system-out/>
</testsuite> <!-- com.API_Automation.testcases.TC001_GET_Request -->
