<?xml version="1.0" encoding="UTF-8"?>
<!-- Generated by org.testng.reporters.JUnitReportReporter -->
<testsuite hostname="IN-2TFWWT2" failures="0" tests="1" name="com.API_Automation.testcases.TC002_POST_Request" time="2.880" errors="0" timestamp="2022-08-22T20:58:24 IST" skipped="0">
  <testcase classname="com.API_Automation.testcases.TC002_POST_Request" name="postUserDetails" time="2.880"/>
  <system-out/>
</testsuite> <!-- com.API_Automation.testcases.TC002_POST_Request -->
