<?xml version="1.0" encoding="UTF-8"?>
<!-- Generated by org.testng.reporters.JUnitReportReporter -->
<testsuite hostname="IN-2TFWWT2" failures="0" tests="1" name="com.API_Automation.testcases.TC003_GET_Authentication" time="1.931" errors="0" timestamp="2022-08-22T21:14:22 IST" skipped="0">
  <testcase classname="com.API_Automation.testcases.TC003_GET_Authentication" name="autherizationTest" time="1.931"/>
  <system-out/>
</testsuite> <!-- com.API_Automation.testcases.TC003_GET_Authentication -->
